{"/home/bart/platzi/testing-con-jest/maths.js": {"path":"/home/bart/platzi/testing-con-jest/maths.js","statementMap":{"0":{"start":{"line":1,"column":21},"end":{"line":1,"column":36}},"1":{"start":{"line":1,"column":31},"end":{"line":1,"column":36}},"2":{"start":{"line":3,"column":27},"end":{"line":3,"column":42}},"3":{"start":{"line":3,"column":37},"end":{"line":3,"column":42}},"4":{"start":{"line":5,"column":22},"end":{"line":5,"column":37}},"5":{"start":{"line":5,"column":32},"end":{"line":5,"column":37}},"6":{"start":{"line":7,"column":23},"end":{"line":7,"column":38}},"7":{"start":{"line":7,"column":33},"end":{"line":7,"column":38}}},"fnMap":{"0":{"name":"(anonymous_0)","decl":{"start":{"line":1,"column":21},"end":{"line":1,"column":22}},"loc":{"start":{"line":1,"column":31},"end":{"line":1,"column":36}},"line":1},"1":{"name":"(anonymous_1)","decl":{"start":{"line":3,"column":27},"end":{"line":3,"column":28}},"loc":{"start":{"line":3,"column":37},"end":{"line":3,"column":42}},"line":3},"2":{"name":"(anonymous_2)","decl":{"start":{"line":5,"column":22},"end":{"line":5,"column":23}},"loc":{"start":{"line":5,"column":32},"end":{"line":5,"column":37}},"line":5},"3":{"name":"(anonymous_3)","decl":{"start":{"line":7,"column":23},"end":{"line":7,"column":24}},"loc":{"start":{"line":7,"column":33},"end":{"line":7,"column":38}},"line":7}},"branchMap":{},"s":{"0":1,"1":7,"2":1,"3":1,"4":1,"5":1,"6":1,"7":1},"f":{"0":7,"1":1,"2":1,"3":1},"b":{},"_coverageSchema":"1a1c01bbd47fc00a2c39e90264f33305004495a9","hash":"82968989ef4df38a5c5439e97c6d98efd4a17784"}
,"/home/bart/platzi/testing-con-jest/platzitest/dates.js": {"path":"/home/bart/platzi/testing-con-jest/platzitest/dates.js","statementMap":{"0":{"start":{"line":1,"column":20},"end":{"line":1,"column":34}},"1":{"start":{"line":1,"column":26},"end":{"line":1,"column":34}}},"fnMap":{"0":{"name":"(anonymous_0)","decl":{"start":{"line":1,"column":20},"end":{"line":1,"column":21}},"loc":{"start":{"line":1,"column":26},"end":{"line":1,"column":34}},"line":1}},"branchMap":{},"s":{"0":1,"1":0},"f":{"0":0},"b":{},"_coverageSchema":"1a1c01bbd47fc00a2c39e90264f33305004495a9","hash":"775923d22eeb264ac341ebb477592217aacd66b9"}
}
